<?xml version="1.0" encoding="UTF-8"?>
<!-- Generated by org.testng.reporters.JUnitReportReporter -->
<testsuite hostname="LAPTOP-BV4PPP92" failures="0" tests="1" name="com.gsk.TestScripts.OrangeHRMTestScripts" time="16.609" errors="0" timestamp="2023-01-18T19:10:09 IST" skipped="0">
  <testcase classname="com.gsk.TestScripts.OrangeHRMTestScripts" name="login" time="16.609"/>
  <system-out/>
</testsuite> <!-- com.gsk.TestScripts.OrangeHRMTestScripts -->
